#
# There is insufficient memory for the Java Runtime Environment to continue.
# Native memory allocation (malloc) failed to allocate 2097152 bytes for AllocateHeap
# Possible reasons:
#   The system is out of physical RAM or swap space
#   The process is running with CompressedOops enabled, and the Java Heap may be blocking the growth of the native heap
# Possible solutions:
#   Reduce memory load on the system
#   Increase physical memory or swap space
#   Check if swap backing store is full
#   Decrease Java heap size (-Xmx/-Xms)
#   Decrease number of Java threads
#   Decrease Java thread stack sizes (-Xss)
#   Set larger code cache with -XX:ReservedCodeCacheSize=
#   JVM is running with Unscaled Compressed Oops mode in which the Java heap is
#     placed in the first 4GB address space. The Java Heap base address is the
#     maximum limit for the native heap growth. Please use -XX:HeapBaseMinAddress
#     to set the Java Heap base and to place the Java Heap above 4GB virtual address.
# This output file may be truncated or incomplete.
#
#  Out of Memory Error (allocation.cpp:44), pid=6644, tid=9792
#
# JRE version: OpenJDK Runtime Environment Temurin-17.0.6+10 (17.0.6+10) (build 17.0.6+10)
# Java VM: OpenJDK 64-Bit Server VM Temurin-17.0.6+10 (17.0.6+10, mixed mode, emulated-client, tiered, compressed oops, compressed class ptrs, g1 gc, windows-amd64)
# No core dump will be written. Minidumps are not enabled by default on client versions of Windows
#

---------------  S U M M A R Y ------------

Command Line: -XX:+HeapDumpOnOutOfMemoryError -Xmx1024m -Dsts.lsp.client=vscode -Dsts.log.file=/dev/null -XX:TieredStopAtLevel=1 -Xlog:jni+resolve=off -Dspring.config.location=file:c:\Users\Zack\.vscode\extensions\vmware.vscode-spring-boot-1.45.0\language-server\BOOT-INF\classes\application.properties org.springframework.ide.vscode.boot.app.BootLanguageServerBootApp

Host: Intel(R) Core(TM) i7-9750H CPU @ 2.60GHz, 12 cores, 7G,  Windows 10 , 64 bit Build 19041 (10.0.19041.2788)
Time: Sun Apr 30 19:17:31 2023 Eastern Daylight Time elapsed time: 779241.111167 seconds (9d 0h 27m 21s)

---------------  T H R E A D  ---------------

Current thread (0x0000021cfc703e00):  VMThread "VM Thread" [stack: 0x000000d2f4900000,0x000000d2f4a00000] [id=9792]

Stack: [0x000000d2f4900000,0x000000d2f4a00000]
Native frames: (J=compiled Java code, j=interpreted, Vv=VM code, C=native code)
V  [jvm.dll+0x67741a]
V  [jvm.dll+0x834434]
V  [jvm.dll+0x835bde]
V  [jvm.dll+0x836243]
V  [jvm.dll+0x2457b5]
V  [jvm.dll+0xa626f]
V  [jvm.dll+0x2f5b61]
V  [jvm.dll+0x2f17e0]
V  [jvm.dll+0x2d9ee7]
V  [jvm.dll+0x31ce67]
V  [jvm.dll+0x83a6eb]
V  [jvm.dll+0x83b424]
V  [jvm.dll+0x83b93c]
V  [jvm.dll+0x83bd14]
V  [jvm.dll+0x83bde0]
V  [jvm.dll+0x7e483a]
V  [jvm.dll+0x6762c5]
C  [ucrtbase.dll+0x21bb2]
C  [KERNEL32.DLL+0x17604]
C  [ntdll.dll+0x526a1]

VM_Operation (0x000000d2f65fec20): G1CollectFull, mode: safepoint, requested by thread 0x0000021cfeff6b10


---------------  P R O C E S S  ---------------

Threads class SMR info:
_java_thread_list=0x0000021c8c0290a0, length=32, elements={
0x0000021cfc718740, 0x0000021cfc719da0, 0x0000021cfd1098a0, 0x0000021cfd10a620,
0x0000021cfd10e7a0, 0x0000021cfd10f800, 0x0000021cfc741350, 0x0000021cfc744ba0,
0x0000021cfd2fbb30, 0x0000021cfd3091c0, 0x0000021cfefc9d30, 0x0000021cfefd9720,
0x0000021cfeff6b10, 0x0000021cff00b830, 0x0000021cf14b42e0, 0x0000021cff01e900,
0x0000021cff0bb7e0, 0x0000021cff0ce790, 0x0000021cff339ee0, 0x0000021cff3386d0,
0x0000021cff33c560, 0x0000021cff337d30, 0x0000021cff33ca30, 0x0000021cff33cf00,
0x0000021cff33b6f0, 0x0000021cff339540, 0x0000021cff339070, 0x0000021cff33dd70,
0x0000021cff33bbc0, 0x0000021cff337390, 0x0000021cff339a10, 0x0000021cff33d3d0
}

Java Threads: ( => current thread )
  0x0000021cfc718740 JavaThread "Reference Handler" daemon [_thread_blocked, id=38388, stack(0x000000d2f4a00000,0x000000d2f4b00000)]
  0x0000021cfc719da0 JavaThread "Finalizer" daemon [_thread_blocked, id=24876, stack(0x000000d2f4b00000,0x000000d2f4c00000)]
  0x0000021cfd1098a0 JavaThread "Signal Dispatcher" daemon [_thread_blocked, id=10288, stack(0x000000d2f4c00000,0x000000d2f4d00000)]
  0x0000021cfd10a620 JavaThread "Attach Listener" daemon [_thread_blocked, id=33256, stack(0x000000d2f4d00000,0x000000d2f4e00000)]
  0x0000021cfd10e7a0 JavaThread "Service Thread" daemon [_thread_blocked, id=17772, stack(0x000000d2f4e00000,0x000000d2f4f00000)]
  0x0000021cfd10f800 JavaThread "Monitor Deflation Thread" daemon [_thread_blocked, id=38196, stack(0x000000d2f4f00000,0x000000d2f5000000)]
  0x0000021cfc741350 JavaThread "C1 CompilerThread0" daemon [_thread_blocked, id=25728, stack(0x000000d2f5000000,0x000000d2f5100000)]
  0x0000021cfc744ba0 JavaThread "Sweeper thread" daemon [_thread_blocked, id=21524, stack(0x000000d2f5100000,0x000000d2f5200000)]
  0x0000021cfd2fbb30 JavaThread "Notification Thread" daemon [_thread_blocked, id=41900, stack(0x000000d2f5200000,0x000000d2f5300000)]
  0x0000021cfd3091c0 JavaThread "Common-Cleaner" daemon [_thread_blocked, id=29440, stack(0x000000d2f5400000,0x000000d2f5500000)]
  0x0000021cfefc9d30 JavaThread "boundedElastic-evictor-1" daemon [_thread_blocked, id=26424, stack(0x000000d2f5d00000,0x000000d2f5e00000)]
  0x0000021cfefd9720 JavaThread "boundedElastic-evictor-2" daemon [_thread_blocked, id=38140, stack(0x000000d2f6400000,0x000000d2f6500000)]
  0x0000021cfeff6b10 JavaThread "pool-10-thread-1" [_thread_blocked, id=32188, stack(0x000000d2f6500000,0x000000d2f6600000)]
  0x0000021cff00b830 JavaThread "LanguageServerApp-lifecycle" [_thread_blocked, id=25624, stack(0x000000d2f6600000,0x000000d2f6700000)]
  0x0000021cf14b42e0 JavaThread "DestroyJavaVM" [_thread_blocked, id=19112, stack(0x000000d2f4300000,0x000000d2f4400000)]
  0x0000021cff01e900 JavaThread "pool-11-thread-1" [_thread_in_native, id=41548, stack(0x000000d2f6700000,0x000000d2f6800000)]
  0x0000021cff0bb7e0 JavaThread "Simple-Language-Server main thread" daemon [_thread_blocked, id=37960, stack(0x000000d2f6800000,0x000000d2f6900000)]
  0x0000021cff0ce790 JavaThread "pool-6-thread-1" [_thread_blocked, id=41572, stack(0x000000d2f6900000,0x000000d2f6a00000)]
  0x0000021cff339ee0 JavaThread "parallel-1" daemon [_thread_blocked, id=36304, stack(0x000000d2f7e00000,0x000000d2f7f00000)]
  0x0000021cff3386d0 JavaThread "pool-4-thread-1" [_thread_blocked, id=21316, stack(0x000000d2f7100000,0x000000d2f7200000)]
  0x0000021cff33c560 JavaThread "parallel-2" daemon [_thread_blocked, id=31500, stack(0x000000d2f7200000,0x000000d2f7300000)]
  0x0000021cff337d30 JavaThread "parallel-3" daemon [_thread_blocked, id=21412, stack(0x000000d2f7300000,0x000000d2f7400000)]
  0x0000021cff33ca30 JavaThread "Reconciler-1" daemon [_thread_blocked, id=34036, stack(0x000000d2f7400000,0x000000d2f7500000)]
  0x0000021cff33cf00 JavaThread "parallel-4" daemon [_thread_blocked, id=42672, stack(0x000000d2f7000000,0x000000d2f7100000)]
  0x0000021cff33b6f0 JavaThread "parallel-5" daemon [_thread_blocked, id=29348, stack(0x000000d2f7500000,0x000000d2f7600000)]
  0x0000021cff339540 JavaThread "parallel-6" daemon [_thread_blocked, id=14584, stack(0x000000d2f7600000,0x000000d2f7700000)]
  0x0000021cff339070 JavaThread "parallel-7" daemon [_thread_blocked, id=10436, stack(0x000000d2f7c00000,0x000000d2f7d00000)]
  0x0000021cff33dd70 JavaThread "parallel-8" daemon [_thread_blocked, id=21888, stack(0x000000d2f5e00000,0x000000d2f5f00000)]
  0x0000021cff33bbc0 JavaThread "parallel-9" daemon [_thread_blocked, id=39344, stack(0x000000d2f7700000,0x000000d2f7800000)]
  0x0000021cff337390 JavaThread "parallel-10" daemon [_thread_blocked, id=37272, stack(0x000000d2f4100000,0x000000d2f4200000)]
  0x0000021cff339a10 JavaThread "parallel-11" daemon [_thread_blocked, id=21468, stack(0x000000d2f7800000,0x000000d2f7900000)]
  0x0000021cff33d3d0 JavaThread "parallel-12" daemon [_thread_blocked, id=32476, stack(0x000000d2f7b00000,0x000000d2f7c00000)]

Other Threads:
=>0x0000021cfc703e00 VMThread "VM Thread" [stack: 0x000000d2f4900000,0x000000d2f4a00000] [id=9792]
  0x0000021cfd2fc000 WatcherThread [stack: 0x000000d2f5300000,0x000000d2f5400000] [id=38916]
  0x0000021cf14f2210 GCTaskThread "GC Thread#0" [stack: 0x000000d2f4400000,0x000000d2f4500000] [id=25640]
  0x0000021cfdc16bd0 GCTaskThread "GC Thread#1" [stack: 0x000000d2f5600000,0x000000d2f5700000] [id=14068]
  0x0000021cfdcc4030 GCTaskThread "GC Thread#2" [stack: 0x000000d2f5700000,0x000000d2f5800000] [id=8736]
  0x0000021cfdcdc7a0 GCTaskThread "GC Thread#3" [stack: 0x000000d2f5800000,0x000000d2f5900000] [id=29272]
  0x0000021cfdcdca50 GCTaskThread "GC Thread#4" [stack: 0x000000d2f5900000,0x000000d2f5a00000] [id=39840]
  0x0000021cfea33510 GCTaskThread "GC Thread#5" [stack: 0x000000d2f5a00000,0x000000d2f5b00000] [id=22272]
  0x0000021cfea337c0 GCTaskThread "GC Thread#6" [stack: 0x000000d2f5b00000,0x000000d2f5c00000] [id=25936]
  0x0000021cfea33a70 GCTaskThread "GC Thread#7" [stack: 0x000000d2f5c00000,0x000000d2f5d00000] [id=41708]
  0x0000021cfebfbce0 GCTaskThread "GC Thread#8" [stack: 0x000000d2f6000000,0x000000d2f6100000] [id=18328]
  0x0000021cfec4d820 GCTaskThread "GC Thread#9" [stack: 0x000000d2f6100000,0x000000d2f6200000] [id=41684]
  0x0000021cf14fb060 ConcurrentGCThread "G1 Main Marker" [stack: 0x000000d2f4500000,0x000000d2f4600000] [id=34956]
  0x0000021cf14fb980 ConcurrentGCThread "G1 Conc#0" [stack: 0x000000d2f4600000,0x000000d2f4700000] [id=38504]
  0x0000021cfec2b9c0 ConcurrentGCThread "G1 Conc#1" [stack: 0x000000d2f6200000,0x000000d2f6300000] [id=19960]
  0x0000021cfebfebd0 ConcurrentGCThread "G1 Conc#2" [stack: 0x000000d2f6300000,0x000000d2f6400000] [id=12048]
  0x0000021cfc570090 ConcurrentGCThread "G1 Refine#0" [stack: 0x000000d2f4700000,0x000000d2f4800000] [id=22864]
  0x0000021cff11cbd0 ConcurrentGCThread "G1 Refine#1" [stack: 0x000000d2f8300000,0x000000d2f8400000] [id=4800]
  0x0000021cff111e10 ConcurrentGCThread "G1 Refine#2" [stack: 0x000000d2f8400000,0x000000d2f8500000] [id=20724]
  0x0000021c819f5320 ConcurrentGCThread "G1 Refine#3" [stack: 0x000000d2f5500000,0x000000d2f5600000] [id=26856]
  0x0000021c81b36050 ConcurrentGCThread "G1 Refine#4" [stack: 0x000000d2f6b00000,0x000000d2f6c00000] [id=42924]
  0x0000021cff1b9130 ConcurrentGCThread "G1 Refine#5" [stack: 0x000000d2f6c00000,0x000000d2f6d00000] [id=23584]
  0x0000021cff1b9410 ConcurrentGCThread "G1 Refine#6" [stack: 0x000000d2f6d00000,0x000000d2f6e00000] [id=34140]
  0x0000021cff1e5390 ConcurrentGCThread "G1 Refine#7" [stack: 0x000000d2f6e00000,0x000000d2f6f00000] [id=12724]
  0x0000021cff1e64d0 ConcurrentGCThread "G1 Refine#8" [stack: 0x000000d2f6f00000,0x000000d2f7000000] [id=42976]
  0x0000021cfc5709c0 ConcurrentGCThread "G1 Service" [stack: 0x000000d2f4800000,0x000000d2f4900000] [id=38688]

Threads with active compile tasks:

VM state: at safepoint (normal execution)

VM Mutex/Monitor currently owned by a thread:  ([mutex/lock_event])
[0x0000021cf14aff90] Threads_lock - owner thread: 0x0000021cfc703e00
[0x0000021cf14aea30] Heap_lock - owner thread: 0x0000021cfeff6b10

Heap address: 0x00000000c0000000, size: 1024 MB, Compressed Oops mode: 32-bit

CDS archive(s) not mapped
Compressed class space mapped at: 0x0000000100000000-0x0000000140000000, reserved size: 1073741824
Narrow klass base: 0x0000000000000000, Narrow klass shift: 3, Narrow klass range: 0x140000000

GC Precious Log:
 CPUs: 12 total, 12 available
 Memory: 8009M
 Large Page Support: Disabled
 NUMA Support: Disabled
 Compressed Oops: Enabled (32-bit)
 Heap Region Size: 1M
 Heap Min Capacity: 8M
 Heap Initial Capacity: 126M
 Heap Max Capacity: 1G
 Pre-touch: Disabled
 Parallel Workers: 10
 Concurrent Workers: 3
 Concurrent Refinement Workers: 10
 Periodic GC: Disabled

Heap:
 garbage-first heap   total 126976K, used 42749K [0x00000000c0000000, 0x0000000100000000)
  region size 1024K, 1 young (1024K), 0 survivors (0K)
 Metaspace       used 63497K, committed 64000K, reserved 1105920K
  class space    used 8613K, committed 8832K, reserved 1048576K

Heap Regions: E=young(eden), S=young(survivor), O=old, HS=humongous(starts), HC=humongous(continues), CS=collection set, F=free, OA=open archive, CA=closed archive, TAMS=top-at-mark-start (previous, next)
|   0|0x00000000c0000000, 0x00000000c0100000, 0x00000000c0100000|100%| O|  |TAMS 0x00000000c0100000, 0x00000000c0000000| Untracked 
|   1|0x00000000c0100000, 0x00000000c0200000, 0x00000000c0200000|100%| O|  |TAMS 0x00000000c0200000, 0x00000000c0100000| Untracked 
|   2|0x00000000c0200000, 0x00000000c02fffc8, 0x00000000c0300000| 99%| O|  |TAMS 0x00000000c02fffc8, 0x00000000c0200000| Untracked 
|   3|0x00000000c0300000, 0x00000000c03fffd8, 0x00000000c0400000| 99%| O|  |TAMS 0x00000000c03fffd8, 0x00000000c0300000| Untracked 
|   4|0x00000000c0400000, 0x00000000c04fffc0, 0x00000000c0500000| 99%| O|  |TAMS 0x00000000c04fffc0, 0x00000000c0400000| Untracked 
|   5|0x00000000c0500000, 0x00000000c0600000, 0x00000000c0600000|100%| O|  |TAMS 0x00000000c0600000, 0x00000000c0500000| Untracked 
|   6|0x00000000c0600000, 0x00000000c0700000, 0x00000000c0700000|100%| O|  |TAMS 0x00000000c0700000, 0x00000000c0600000| Untracked 
|   7|0x00000000c0700000, 0x00000000c07fffe0, 0x00000000c0800000| 99%| O|  |TAMS 0x00000000c07fffe0, 0x00000000c0700000| Untracked 
|   8|0x00000000c0800000, 0x00000000c08fffc8, 0x00000000c0900000| 99%| O|  |TAMS 0x00000000c08fffc8, 0x00000000c0800000| Untracked 
|   9|0x00000000c0900000, 0x00000000c09ffff0, 0x00000000c0a00000| 99%| O|  |TAMS 0x00000000c09ffff0, 0x00000000c0900000| Untracked 
|  10|0x00000000c0a00000, 0x00000000c0afffe8, 0x00000000c0b00000| 99%| O|  |TAMS 0x00000000c0afffe8, 0x00000000c0a00000| Untracked 
|  11|0x00000000c0b00000, 0x00000000c0bffff8, 0x00000000c0c00000| 99%| O|  |TAMS 0x00000000c0bffff8, 0x00000000c0b00000| Untracked 
|  12|0x00000000c0c00000, 0x00000000c0cffff8, 0x00000000c0d00000| 99%| O|  |TAMS 0x00000000c0cffff8, 0x00000000c0c00000| Untracked 
|  13|0x00000000c0d00000, 0x00000000c0dffff8, 0x00000000c0e00000| 99%| O|  |TAMS 0x00000000c0dffff8, 0x00000000c0d00000| Untracked 
|  14|0x00000000c0e00000, 0x00000000c0effff0, 0x00000000c0f00000| 99%| O|  |TAMS 0x00000000c0effff0, 0x00000000c0e00000| Untracked 
|  15|0x00000000c0f00000, 0x00000000c0fffff0, 0x00000000c1000000| 99%| O|  |TAMS 0x00000000c0fffff0, 0x00000000c0f00000| Untracked 
|  16|0x00000000c1000000, 0x00000000c10ff530, 0x00000000c1100000| 99%| O|  |TAMS 0x00000000c10ff530, 0x00000000c1000000| Untracked 
|  17|0x00000000c1100000, 0x00000000c11fffe0, 0x00000000c1200000| 99%| O|  |TAMS 0x00000000c11fffe0, 0x00000000c1100000| Untracked 
|  18|0x00000000c1200000, 0x00000000c1300000, 0x00000000c1300000|100%| O|  |TAMS 0x00000000c1300000, 0x00000000c1200000| Untracked 
|  19|0x00000000c1300000, 0x00000000c13fffe8, 0x00000000c1400000| 99%| O|  |TAMS 0x00000000c13fffe8, 0x00000000c1300000| Untracked 
|  20|0x00000000c1400000, 0x00000000c14fb9d8, 0x00000000c1500000| 98%| O|  |TAMS 0x00000000c14fb9d8, 0x00000000c1400000| Untracked 
|  21|0x00000000c1500000, 0x00000000c15ffff8, 0x00000000c1600000| 99%| O|  |TAMS 0x00000000c15ffff8, 0x00000000c1500000| Untracked 
|  22|0x00000000c1600000, 0x00000000c1700000, 0x00000000c1700000|100%| O|  |TAMS 0x00000000c1700000, 0x00000000c1600000| Untracked 
|  23|0x00000000c1700000, 0x00000000c17ffff0, 0x00000000c1800000| 99%| O|  |TAMS 0x00000000c17ffff0, 0x00000000c1700000| Untracked 
|  24|0x00000000c1800000, 0x00000000c18fffd8, 0x00000000c1900000| 99%| O|  |TAMS 0x00000000c18fffd8, 0x00000000c1800000| Untracked 
|  25|0x00000000c1900000, 0x00000000c19ffff8, 0x00000000c1a00000| 99%| O|  |TAMS 0x00000000c19ffff8, 0x00000000c1900000| Untracked 
|  26|0x00000000c1a00000, 0x00000000c1afffd8, 0x00000000c1b00000| 99%| O|  |TAMS 0x00000000c1afffd8, 0x00000000c1a00000| Untracked 
|  27|0x00000000c1b00000, 0x00000000c1bfffe8, 0x00000000c1c00000| 99%| O|  |TAMS 0x00000000c1bfffe8, 0x00000000c1b00000| Untracked 
|  28|0x00000000c1c00000, 0x00000000c1cffff8, 0x00000000c1d00000| 99%| O|  |TAMS 0x00000000c1cffff8, 0x00000000c1c00000| Untracked 
|  29|0x00000000c1d00000, 0x00000000c1e00000, 0x00000000c1e00000|100%| O|  |TAMS 0x00000000c1e00000, 0x00000000c1d00000| Untracked 
|  30|0x00000000c1e00000, 0x00000000c1efffe8, 0x00000000c1f00000| 99%| O|  |TAMS 0x00000000c1efffe8, 0x00000000c1e00000| Untracked 
|  31|0x00000000c1f00000, 0x00000000c2000000, 0x00000000c2000000|100%| O|  |TAMS 0x00000000c2000000, 0x00000000c1f00000| Untracked 
|  32|0x00000000c2000000, 0x00000000c20ffff0, 0x00000000c2100000| 99%| O|  |TAMS 0x00000000c20ffff0, 0x00000000c2000000| Untracked 
|  33|0x00000000c2100000, 0x00000000c21ffff8, 0x00000000c2200000| 99%| O|  |TAMS 0x00000000c21ffff8, 0x00000000c2100000| Untracked 
|  34|0x00000000c2200000, 0x00000000c2300000, 0x00000000c2300000|100%| O|  |TAMS 0x00000000c2300000, 0x00000000c2200000| Untracked 
|  35|0x00000000c2300000, 0x00000000c23ffff8, 0x00000000c2400000| 99%| O|  |TAMS 0x00000000c23ffff8, 0x00000000c2300000| Untracked 
|  36|0x00000000c2400000, 0x00000000c24c4798, 0x00000000c2500000| 76%| O|  |TAMS 0x00000000c2400000, 0x00000000c2400000| Untracked 
|  37|0x00000000c2500000, 0x00000000c2500000, 0x00000000c2600000|  0%| F|  |TAMS 0x00000000c2500000, 0x00000000c2500000| Untracked 
|  38|0x00000000c2600000, 0x00000000c2600000, 0x00000000c2700000|  0%| F|  |TAMS 0x00000000c2600000, 0x00000000c2600000| Untracked 
|  39|0x00000000c2700000, 0x00000000c2700000, 0x00000000c2800000|  0%| F|  |TAMS 0x00000000c2700000, 0x00000000c2700000| Untracked 
|  40|0x00000000c2800000, 0x00000000c2800000, 0x00000000c2900000|  0%| F|  |TAMS 0x00000000c2800000, 0x00000000c2800000| Untracked 
|  41|0x00000000c2900000, 0x00000000c2900000, 0x00000000c2a00000|  0%| F|  |TAMS 0x00000000c2900000, 0x00000000c2900000| Untracked 
|  42|0x00000000c2a00000, 0x00000000c2a00000, 0x00000000c2b00000|  0%| F|  |TAMS 0x00000000c2a00000, 0x00000000c2a00000| Untracked 
|  43|0x00000000c2b00000, 0x00000000c2b00000, 0x00000000c2c00000|  0%| F|  |TAMS 0x00000000c2b00000, 0x00000000c2b00000| Untracked 
|  44|0x00000000c2c00000, 0x00000000c2c00000, 0x00000000c2d00000|  0%| F|  |TAMS 0x00000000c2c00000, 0x00000000c2c00000| Untracked 
|  45|0x00000000c2d00000, 0x00000000c2d00000, 0x00000000c2e00000|  0%| F|  |TAMS 0x00000000c2d00000, 0x00000000c2d00000| Untracked 
|  46|0x00000000c2e00000, 0x00000000c2e00000, 0x00000000c2f00000|  0%| F|  |TAMS 0x00000000c2e00000, 0x00000000c2e00000| Untracked 
|  47|0x00000000c2f00000, 0x00000000c2f00000, 0x00000000c3000000|  0%| F|  |TAMS 0x00000000c2f00000, 0x00000000c2f00000| Untracked 
|  48|0x00000000c3000000, 0x00000000c3000000, 0x00000000c3100000|  0%| F|  |TAMS 0x00000000c3000000, 0x00000000c3000000| Untracked 
|  49|0x00000000c3100000, 0x00000000c3100000, 0x00000000c3200000|  0%| F|  |TAMS 0x00000000c3100000, 0x00000000c3100000| Untracked 
|  50|0x00000000c3200000, 0x00000000c3200000, 0x00000000c3300000|  0%| F|  |TAMS 0x00000000c3200000, 0x00000000c3200000| Untracked 
|  51|0x00000000c3300000, 0x00000000c3300000, 0x00000000c3400000|  0%| F|  |TAMS 0x00000000c3300000, 0x00000000c3300000| Untracked 
|  52|0x00000000c3400000, 0x00000000c3400000, 0x00000000c3500000|  0%| F|  |TAMS 0x00000000c3400000, 0x00000000c3400000| Untracked 
|  53|0x00000000c3500000, 0x00000000c3500000, 0x00000000c3600000|  0%| F|  |TAMS 0x00000000c3500000, 0x00000000c3500000| Untracked 
|  54|0x00000000c3600000, 0x00000000c3600000, 0x00000000c3700000|  0%| F|  |TAMS 0x00000000c3600000, 0x00000000c3600000| Untracked 
|  55|0x00000000c3700000, 0x00000000c3700000, 0x00000000c3800000|  0%| F|  |TAMS 0x00000000c3700000, 0x00000000c3700000| Untracked 
|  56|0x00000000c3800000, 0x00000000c3800000, 0x00000000c3900000|  0%| F|  |TAMS 0x00000000c3800000, 0x00000000c3800000| Untracked 
|  57|0x00000000c3900000, 0x00000000c3900000, 0x00000000c3a00000|  0%| F|  |TAMS 0x00000000c3900000, 0x00000000c3900000| Untracked 
|  58|0x00000000c3a00000, 0x00000000c3a00000, 0x00000000c3b00000|  0%| F|  |TAMS 0x00000000c3a00000, 0x00000000c3a00000| Untracked 
|  59|0x00000000c3b00000, 0x00000000c3b00000, 0x00000000c3c00000|  0%| F|  |TAMS 0x00000000c3b00000, 0x00000000c3b00000| Untracked 
|  60|0x00000000c3c00000, 0x00000000c3c00000, 0x00000000c3d00000|  0%| F|  |TAMS 0x00000000c3c00000, 0x00000000c3c00000| Untracked 
|  61|0x00000000c3d00000, 0x00000000c3d00000, 0x00000000c3e00000|  0%| F|  |TAMS 0x00000000c3d00000, 0x00000000c3d00000| Untracked 
|  62|0x00000000c3e00000, 0x00000000c3e00000, 0x00000000c3f00000|  0%| F|  |TAMS 0x00000000c3e00000, 0x00000000c3e00000| Untracked 
|  63|0x00000000c3f00000, 0x00000000c3f00000, 0x00000000c4000000|  0%| F|  |TAMS 0x00000000c3f00000, 0x00000000c3f00000| Untracked 
|  64|0x00000000c4000000, 0x00000000c4000000, 0x00000000c4100000|  0%| F|  |TAMS 0x00000000c4000000, 0x00000000c4000000| Untracked 
|  65|0x00000000c4100000, 0x00000000c4100000, 0x00000000c4200000|  0%| F|  |TAMS 0x00000000c4100000, 0x00000000c4100000| Untracked 
|  66|0x00000000c4200000, 0x00000000c4200000, 0x00000000c4300000|  0%| F|  |TAMS 0x00000000c4200000, 0x00000000c4200000| Untracked 
|  67|0x00000000c4300000, 0x00000000c4300000, 0x00000000c4400000|  0%| F|  |TAMS 0x00000000c4300000, 0x00000000c4300000| Untracked 
|  68|0x00000000c4400000, 0x00000000c4400000, 0x00000000c4500000|  0%| F|  |TAMS 0x00000000c4400000, 0x00000000c4400000| Untracked 
|  69|0x00000000c4500000, 0x00000000c4500000, 0x00000000c4600000|  0%| F|  |TAMS 0x00000000c4500000, 0x00000000c4500000| Untracked 
|  70|0x00000000c4600000, 0x00000000c4600000, 0x00000000c4700000|  0%| F|  |TAMS 0x00000000c4600000, 0x00000000c4600000| Untracked 
|  71|0x00000000c4700000, 0x00000000c4700000, 0x00000000c4800000|  0%| F|  |TAMS 0x00000000c4700000, 0x00000000c4700000| Untracked 
|  72|0x00000000c4800000, 0x00000000c4800000, 0x00000000c4900000|  0%| F|  |TAMS 0x00000000c4800000, 0x00000000c4800000| Untracked 
|  73|0x00000000c4900000, 0x00000000c4900000, 0x00000000c4a00000|  0%| F|  |TAMS 0x00000000c4900000, 0x00000000c4900000| Untracked 
|  74|0x00000000c4a00000, 0x00000000c4a00000, 0x00000000c4b00000|  0%| F|  |TAMS 0x00000000c4a00000, 0x00000000c4a00000| Untracked 
|  75|0x00000000c4b00000, 0x00000000c4b00000, 0x00000000c4c00000|  0%| F|  |TAMS 0x00000000c4b00000, 0x00000000c4b00000| Untracked 
|  76|0x00000000c4c00000, 0x00000000c4c00000, 0x00000000c4d00000|  0%| F|  |TAMS 0x00000000c4c00000, 0x00000000c4c00000| Untracked 
|  77|0x00000000c4d00000, 0x00000000c4d00000, 0x00000000c4e00000|  0%| F|  |TAMS 0x00000000c4d00000, 0x00000000c4d00000| Untracked 
|  78|0x00000000c4e00000, 0x00000000c4e00000, 0x00000000c4f00000|  0%| F|  |TAMS 0x00000000c4e00000, 0x00000000c4e00000| Untracked 
|  79|0x00000000c4f00000, 0x00000000c4f00000, 0x00000000c5000000|  0%| F|  |TAMS 0x00000000c4f00000, 0x00000000c4f00000| Untracked 
|  80|0x00000000c5000000, 0x00000000c5000000, 0x00000000c5100000|  0%| F|  |TAMS 0x00000000c5000000, 0x00000000c5000000| Untracked 
|  81|0x00000000c5100000, 0x00000000c5100000, 0x00000000c5200000|  0%| F|  |TAMS 0x00000000c5100000, 0x00000000c5100000| Untracked 
|  82|0x00000000c5200000, 0x00000000c5200000, 0x00000000c5300000|  0%| F|  |TAMS 0x00000000c5200000, 0x00000000c5200000| Untracked 
|  83|0x00000000c5300000, 0x00000000c5300000, 0x00000000c5400000|  0%| F|  |TAMS 0x00000000c5300000, 0x00000000c5300000| Untracked 
|  84|0x00000000c5400000, 0x00000000c5400000, 0x00000000c5500000|  0%| F|  |TAMS 0x00000000c5400000, 0x00000000c5400000| Untracked 
|  85|0x00000000c5500000, 0x00000000c5500000, 0x00000000c5600000|  0%| F|  |TAMS 0x00000000c5500000, 0x00000000c5500000| Untracked 
|  86|0x00000000c5600000, 0x00000000c5600000, 0x00000000c5700000|  0%| F|  |TAMS 0x00000000c5600000, 0x00000000c5600000| Untracked 
|  87|0x00000000c5700000, 0x00000000c5700000, 0x00000000c5800000|  0%| F|  |TAMS 0x00000000c5700000, 0x00000000c5700000| Untracked 
|  88|0x00000000c5800000, 0x00000000c5800000, 0x00000000c5900000|  0%| F|  |TAMS 0x00000000c5800000, 0x00000000c5800000| Untracked 
|  89|0x00000000c5900000, 0x00000000c5900000, 0x00000000c5a00000|  0%| F|  |TAMS 0x00000000c5900000, 0x00000000c5900000| Untracked 
|  90|0x00000000c5a00000, 0x00000000c5a00000, 0x00000000c5b00000|  0%| F|  |TAMS 0x00000000c5a00000, 0x00000000c5a00000| Untracked 
|  91|0x00000000c5b00000, 0x00000000c5b00000, 0x00000000c5c00000|  0%| F|  |TAMS 0x00000000c5b00000, 0x00000000c5b00000| Untracked 
|  92|0x00000000c5c00000, 0x00000000c5c00000, 0x00000000c5d00000|  0%| F|  |TAMS 0x00000000c5c00000, 0x00000000c5c00000| Untracked 
|  93|0x00000000c5d00000, 0x00000000c5d00000, 0x00000000c5e00000|  0%| F|  |TAMS 0x00000000c5d00000, 0x00000000c5d00000| Untracked 
|  94|0x00000000c5e00000, 0x00000000c5e00000, 0x00000000c5f00000|  0%| F|  |TAMS 0x00000000c5e00000, 0x00000000c5e00000| Untracked 
|  95|0x00000000c5f00000, 0x00000000c5f00000, 0x00000000c6000000|  0%| F|  |TAMS 0x00000000c5f00000, 0x00000000c5f00000| Untracked 
|  96|0x00000000c6000000, 0x00000000c6000000, 0x00000000c6100000|  0%| F|  |TAMS 0x00000000c6000000, 0x00000000c6000000| Untracked 
|  97|0x00000000c6100000, 0x00000000c6100000, 0x00000000c6200000|  0%| F|  |TAMS 0x00000000c6100000, 0x00000000c6100000| Untracked 
|  98|0x00000000c6200000, 0x00000000c6200000, 0x00000000c6300000|  0%| F|  |TAMS 0x00000000c6200000, 0x00000000c6200000| Untracked 
|  99|0x00000000c6300000, 0x00000000c6300000, 0x00000000c6400000|  0%| F|  |TAMS 0x00000000c6300000, 0x00000000c6300000| Untracked 
| 100|0x00000000c6400000, 0x00000000c6400000, 0x00000000c6500000|  0%| F|  |TAMS 0x00000000c6400000, 0x00000000c6400000| Untracked 
| 101|0x00000000c6500000, 0x00000000c6500000, 0x00000000c6600000|  0%| F|  |TAMS 0x00000000c6500000, 0x00000000c6500000| Untracked 
| 102|0x00000000c6600000, 0x00000000c6600000, 0x00000000c6700000|  0%| F|  |TAMS 0x00000000c6600000, 0x00000000c6600000| Untracked 
| 103|0x00000000c6700000, 0x00000000c6700000, 0x00000000c6800000|  0%| F|  |TAMS 0x00000000c6700000, 0x00000000c6700000| Untracked 
| 104|0x00000000c6800000, 0x00000000c6800000, 0x00000000c6900000|  0%| F|  |TAMS 0x00000000c6800000, 0x00000000c6800000| Untracked 
| 105|0x00000000c6900000, 0x00000000c6900000, 0x00000000c6a00000|  0%| F|  |TAMS 0x00000000c6900000, 0x00000000c6900000| Untracked 
| 106|0x00000000c6a00000, 0x00000000c6a00000, 0x00000000c6b00000|  0%| F|  |TAMS 0x00000000c6a00000, 0x00000000c6a00000| Untracked 
| 107|0x00000000c6b00000, 0x00000000c6b00000, 0x00000000c6c00000|  0%| F|  |TAMS 0x00000000c6b00000, 0x00000000c6b00000| Untracked 
| 108|0x00000000c6c00000, 0x00000000c6c00000, 0x00000000c6d00000|  0%| F|  |TAMS 0x00000000c6c00000, 0x00000000c6c00000| Untracked 
| 109|0x00000000c6d00000, 0x00000000c6d00000, 0x00000000c6e00000|  0%| F|  |TAMS 0x00000000c6d00000, 0x00000000c6d00000| Untracked 
| 110|0x00000000c6e00000, 0x00000000c6e00000, 0x00000000c6f00000|  0%| F|  |TAMS 0x00000000c6e00000, 0x00000000c6e00000| Untracked 
| 111|0x00000000c6f00000, 0x00000000c6f00000, 0x00000000c7000000|  0%| F|  |TAMS 0x00000000c6f00000, 0x00000000c6f00000| Untracked 
| 112|0x00000000c7000000, 0x00000000c7000000, 0x00000000c7100000|  0%| F|  |TAMS 0x00000000c7000000, 0x00000000c7000000| Untracked 
| 113|0x00000000c7100000, 0x00000000c7100000, 0x00000000c7200000|  0%| F|  |TAMS 0x00000000c7100000, 0x00000000c7100000| Untracked 
| 114|0x00000000c7200000, 0x00000000c7200000, 0x00000000c7300000|  0%| F|  |TAMS 0x00000000c7200000, 0x00000000c7200000| Untracked 
| 115|0x00000000c7300000, 0x00000000c7300000, 0x00000000c7400000|  0%| F|  |TAMS 0x00000000c7300000, 0x00000000c7300000| Untracked 
| 116|0x00000000c7400000, 0x00000000c7400000, 0x00000000c7500000|  0%| F|  |TAMS 0x00000000c7400000, 0x00000000c7400000| Untracked 
| 117|0x00000000c7500000, 0x00000000c7500000, 0x00000000c7600000|  0%| F|  |TAMS 0x00000000c7500000, 0x00000000c7500000| Untracked 
| 118|0x00000000c7600000, 0x00000000c76060d0, 0x00000000c7700000|  2%| E|  |TAMS 0x00000000c7600000, 0x00000000c7600000| Complete 
| 238|0x00000000cee00000, 0x00000000cef00000, 0x00000000cef00000|100%|HS|  |TAMS 0x00000000cef00000, 0x00000000cee00000| Untracked 
| 247|0x00000000cf700000, 0x00000000cf800000, 0x00000000cf800000|100%| O|  |TAMS 0x00000000cf800000, 0x00000000cf700000| Untracked 
| 248|0x00000000cf800000, 0x00000000cf900000, 0x00000000cf900000|100%| O|  |TAMS 0x00000000cf900000, 0x00000000cf800000| Untracked 
| 249|0x00000000cf900000, 0x00000000cfa00000, 0x00000000cfa00000|100%| O|  |TAMS 0x00000000cfa00000, 0x00000000cf900000| Untracked 
| 250|0x00000000cfa00000, 0x00000000cfb00000, 0x00000000cfb00000|100%| O|  |TAMS 0x00000000cfb00000, 0x00000000cfa00000| Untracked 

Card table byte_map: [0x0000021cf7670000,0x0000021cf7870000] _byte_map_base: 0x0000021cf7070000

Marking Bits (Prev, Next): (CMBitMap*) 0x0000021cf14f2770, (CMBitMap*) 0x0000021cf14f2730
 Prev Bits: [0x0000021cf8a70000, 0x0000021cf9a70000)
 Next Bits: [0x0000021cf7a70000, 0x0000021cf8a70000)

Polling page: 0x0000021cef310000

Metaspace:

Usage:
  Non-class:     53.60 MB used.
      Class:      8.41 MB used.
       Both:     62.01 MB used.

Virtual space:
  Non-class space:       56.00 MB reserved,      53.88 MB ( 96%) committed,  7 nodes.
      Class space:        1.00 GB reserved,       8.62 MB ( <1%) committed,  1 nodes.
             Both:        1.05 GB reserved,      62.50 MB (  6%) committed. 

Chunk freelists:
   Non-Class:  1.32 MB
       Class:  3.41 MB
        Both:  4.73 MB

MaxMetaspaceSize: unlimited
CompressedClassSpaceSize: 1.00 GB
Initial GC threshold: 21.00 MB
Current GC threshold: 104.19 MB
CDS: off
MetaspaceReclaimPolicy: balanced
 - commit_granule_bytes: 65536.
 - commit_granule_words: 8192.
 - virtual_space_node_default_size: 1048576.
 - enlarge_chunks_in_place: 1.
 - new_chunks_are_fully_committed: 0.
 - uncommit_free_chunks: 1.
 - use_allocation_guard: 0.
 - handle_deallocations: 1.


Internal statistics:

num_allocs_failed_limit: 14.
num_arena_births: 1118.
num_arena_deaths: 558.
num_vsnodes_births: 8.
num_vsnodes_deaths: 0.
num_space_committed: 1001.
num_space_uncommitted: 1.
num_chunks_returned_to_freelist: 751.
num_chunks_taken_from_freelist: 3387.
num_chunk_merges: 251.
num_chunk_splits: 2093.
num_chunks_enlarged: 1447.
num_purges: 64.
num_inconsistent_stats: 0.

CodeCache: size=49152Kb used=25521Kb max_used=26092Kb free=23630Kb
 bounds [0x0000021cf4140000, 0x0000021cf5ae0000, 0x0000021cf7140000]
 total_blobs=13674 nmethods=13008 adapters=591
 compilation: enabled
              stopped_count=0, restarted_count=0
 full_count=0

Compilation events (20 events):
Event: 718622.359 Thread 0x0000021cfc741350 13313       1       org.springframework.ide.vscode.commons.util.BasicFileObserver$$Lambda$661/0x00000001004f40a0::<init> (10 bytes)
Event: 718622.359 Thread 0x0000021cfc741350 nmethod 13313 0x0000021cf5a00e90 code [0x0000021cf5a01020, 0x0000021cf5a01138]
Event: 718634.819 Thread 0x0000021cfc741350 13318       1       java.util.HashMap$KeySpliterator::<init> (12 bytes)
Event: 718634.826 Thread 0x0000021cfc741350 nmethod 13318 0x0000021cf5a00b90 code [0x0000021cf5a00d20, 0x0000021cf5a00e38]
Event: 770255.924 Thread 0x0000021cfc741350 13319   !   1       sun.nio.fs.WindowsDirectoryStream::close (59 bytes)
Event: 770255.945 Thread 0x0000021cfc741350 nmethod 13319 0x0000021cf5a00590 code [0x0000021cf5a00760, 0x0000021cf5a00a28]
Event: 770255.945 Thread 0x0000021cfc741350 13322       1       sun.nio.fs.WindowsDirectoryStream$WindowsDirectoryIterator::<init> (73 bytes)
Event: 770255.971 Thread 0x0000021cfc741350 nmethod 13322 0x0000021cf59ffc90 code [0x0000021cf59ffe80, 0x0000021cf5a00378]
Event: 770255.972 Thread 0x0000021cfc741350 13320       1       sun.nio.fs.WindowsFileSystemProvider::newDirectoryStream (31 bytes)
Event: 770255.997 Thread 0x0000021cfc741350 nmethod 13320 0x0000021cf59ff290 code [0x0000021cf59ff4a0, 0x0000021cf59ff9c8]
Event: 770255.998 Thread 0x0000021cfc741350 13324       1       org.eclipse.jdt.internal.compiler.ast.EqualExpression::traverse (34 bytes)
Event: 770256.003 Thread 0x0000021cfc741350 nmethod 13324 0x0000021cf59fee90 code [0x0000021cf59ff040, 0x0000021cf59ff198]
Event: 770256.003 Thread 0x0000021cfc741350 13325       1       org.eclipse.jdt.internal.compiler.ASTVisitor::endVisit (1 bytes)
Event: 770256.003 Thread 0x0000021cfc741350 nmethod 13325 0x0000021cf59feb90 code [0x0000021cf59fed20, 0x0000021cf59fedd8]
Event: 770256.245 Thread 0x0000021cfc741350 13326   !   1       org.eclipse.jdt.core.dom.ASTConverter::trimWhiteSpacesAndComments (164 bytes)
Event: 770256.255 Thread 0x0000021cfc741350 nmethod 13326 0x0000021cf59fe210 code [0x0000021cf59fe3e0, 0x0000021cf59fe838]
Event: 770256.286 Thread 0x0000021cfc741350 13327       1       org.eclipse.jdt.core.dom.ASTVisitor::endVisit (1 bytes)
Event: 770256.287 Thread 0x0000021cfc741350 nmethod 13327 0x0000021cf59fdf10 code [0x0000021cf59fe0a0, 0x0000021cf59fe158]
Event: 770257.234 Thread 0x0000021cfc741350 13328       1       org.eclipse.jdt.internal.compiler.codegen.BranchLabel::becomeDelegateFor (187 bytes)
Event: 770257.235 Thread 0x0000021cfc741350 nmethod 13328 0x0000021cf59fd610 code [0x0000021cf59fd7e0, 0x0000021cf59fdc18]

GC Heap History (20 events):
Event: 779134.965 GC heap before
{Heap before GC invocations=23977 (full 23547):
 garbage-first heap   total 126976K, used 42749K [0x00000000c0000000, 0x0000000100000000)
  region size 1024K, 1 young (1024K), 0 survivors (0K)
 Metaspace       used 63497K, committed 64000K, reserved 1105920K
  class space    used 8613K, committed 8832K, reserved 1048576K
}
Event: 779135.129 GC heap after
{Heap after GC invocations=23978 (full 23548):
 garbage-first heap   total 126976K, used 42749K [0x00000000c0000000, 0x0000000100000000)
  region size 1024K, 0 young (0K), 0 survivors (0K)
 Metaspace       used 63497K, committed 64000K, reserved 1105920K
  class space    used 8613K, committed 8832K, reserved 1048576K
}
Event: 779145.536 GC heap before
{Heap before GC invocations=23978 (full 23548):
 garbage-first heap   total 126976K, used 42749K [0x00000000c0000000, 0x0000000100000000)
  region size 1024K, 1 young (1024K), 0 survivors (0K)
 Metaspace       used 63497K, committed 64000K, reserved 1105920K
  class space    used 8613K, committed 8832K, reserved 1048576K
}
Event: 779145.651 GC heap after
{Heap after GC invocations=23979 (full 23549):
 garbage-first heap   total 126976K, used 42749K [0x00000000c0000000, 0x0000000100000000)
  region size 1024K, 0 young (0K), 0 survivors (0K)
 Metaspace       used 63497K, committed 64000K, reserved 1105920K
  class space    used 8613K, committed 8832K, reserved 1048576K
}
Event: 779156.064 GC heap before
{Heap before GC invocations=23979 (full 23549):
 garbage-first heap   total 126976K, used 42749K [0x00000000c0000000, 0x0000000100000000)
  region size 1024K, 1 young (1024K), 0 survivors (0K)
 Metaspace       used 63497K, committed 64000K, reserved 1105920K
  class space    used 8613K, committed 8832K, reserved 1048576K
}
Event: 779156.178 GC heap after
{Heap after GC invocations=23980 (full 23550):
 garbage-first heap   total 126976K, used 42749K [0x00000000c0000000, 0x0000000100000000)
  region size 1024K, 0 young (0K), 0 survivors (0K)
 Metaspace       used 63497K, committed 64000K, reserved 1105920K
  class space    used 8613K, committed 8832K, reserved 1048576K
}
Event: 779166.616 GC heap before
{Heap before GC invocations=23980 (full 23550):
 garbage-first heap   total 126976K, used 42749K [0x00000000c0000000, 0x0000000100000000)
  region size 1024K, 1 young (1024K), 0 survivors (0K)
 Metaspace       used 63497K, committed 64000K, reserved 1105920K
  class space    used 8613K, committed 8832K, reserved 1048576K
}
Event: 779166.738 GC heap after
{Heap after GC invocations=23981 (full 23551):
 garbage-first heap   total 126976K, used 42749K [0x00000000c0000000, 0x0000000100000000)
  region size 1024K, 0 young (0K), 0 survivors (0K)
 Metaspace       used 63497K, committed 64000K, reserved 1105920K
  class space    used 8613K, committed 8832K, reserved 1048576K
}
Event: 779177.199 GC heap before
{Heap before GC invocations=23981 (full 23551):
 garbage-first heap   total 126976K, used 42749K [0x00000000c0000000, 0x0000000100000000)
  region size 1024K, 1 young (1024K), 0 survivors (0K)
 Metaspace       used 63497K, committed 64000K, reserved 1105920K
  class space    used 8613K, committed 8832K, reserved 1048576K
}
Event: 779177.356 GC heap after
{Heap after GC invocations=23982 (full 23552):
 garbage-first heap   total 126976K, used 42749K [0x00000000c0000000, 0x0000000100000000)
  region size 1024K, 0 young (0K), 0 survivors (0K)
 Metaspace       used 63497K, committed 64000K, reserved 1105920K
  class space    used 8613K, committed 8832K, reserved 1048576K
}
Event: 779187.934 GC heap before
{Heap before GC invocations=23982 (full 23552):
 garbage-first heap   total 126976K, used 42749K [0x00000000c0000000, 0x0000000100000000)
  region size 1024K, 1 young (1024K), 0 survivors (0K)
 Metaspace       used 63497K, committed 64000K, reserved 1105920K
  class space    used 8613K, committed 8832K, reserved 1048576K
}
Event: 779188.102 GC heap after
{Heap after GC invocations=23983 (full 23553):
 garbage-first heap   total 126976K, used 42749K [0x00000000c0000000, 0x0000000100000000)
  region size 1024K, 0 young (0K), 0 survivors (0K)
 Metaspace       used 63497K, committed 64000K, reserved 1105920K
  class space    used 8613K, committed 8832K, reserved 1048576K
}
Event: 779198.556 GC heap before
{Heap before GC invocations=23983 (full 23553):
 garbage-first heap   total 126976K, used 42749K [0x00000000c0000000, 0x0000000100000000)
  region size 1024K, 1 young (1024K), 0 survivors (0K)
 Metaspace       used 63497K, committed 64000K, reserved 1105920K
  class space    used 8613K, committed 8832K, reserved 1048576K
}
Event: 779198.683 GC heap after
{Heap after GC invocations=23984 (full 23554):
 garbage-first heap   total 126976K, used 42749K [0x00000000c0000000, 0x0000000100000000)
  region size 1024K, 0 young (0K), 0 survivors (0K)
 Metaspace       used 63497K, committed 64000K, reserved 1105920K
  class space    used 8613K, committed 8832K, reserved 1048576K
}
Event: 779209.125 GC heap before
{Heap before GC invocations=23984 (full 23554):
 garbage-first heap   total 126976K, used 42749K [0x00000000c0000000, 0x0000000100000000)
  region size 1024K, 1 young (1024K), 0 survivors (0K)
 Metaspace       used 63497K, committed 64000K, reserved 1105920K
  class space    used 8613K, committed 8832K, reserved 1048576K
}
Event: 779209.262 GC heap after
{Heap after GC invocations=23985 (full 23555):
 garbage-first heap   total 126976K, used 42749K [0x00000000c0000000, 0x0000000100000000)
  region size 1024K, 0 young (0K), 0 survivors (0K)
 Metaspace       used 63497K, committed 64000K, reserved 1105920K
  class space    used 8613K, committed 8832K, reserved 1048576K
}
Event: 779219.703 GC heap before
{Heap before GC invocations=23985 (full 23555):
 garbage-first heap   total 126976K, used 42749K [0x00000000c0000000, 0x0000000100000000)
  region size 1024K, 1 young (1024K), 0 survivors (0K)
 Metaspace       used 63497K, committed 64000K, reserved 1105920K
  class space    used 8613K, committed 8832K, reserved 1048576K
}
Event: 779219.825 GC heap after
{Heap after GC invocations=23986 (full 23556):
 garbage-first heap   total 126976K, used 42749K [0x00000000c0000000, 0x0000000100000000)
  region size 1024K, 0 young (0K), 0 survivors (0K)
 Metaspace       used 63497K, committed 64000K, reserved 1105920K
  class space    used 8613K, committed 8832K, reserved 1048576K
}
Event: 779230.467 GC heap before
{Heap before GC invocations=23986 (full 23556):
 garbage-first heap   total 126976K, used 42749K [0x00000000c0000000, 0x0000000100000000)
  region size 1024K, 1 young (1024K), 0 survivors (0K)
 Metaspace       used 63497K, committed 64000K, reserved 1105920K
  class space    used 8613K, committed 8832K, reserved 1048576K
}
Event: 779230.651 GC heap after
{Heap after GC invocations=23987 (full 23557):
 garbage-first heap   total 126976K, used 42749K [0x00000000c0000000, 0x0000000100000000)
  region size 1024K, 0 young (0K), 0 survivors (0K)
 Metaspace       used 63497K, committed 64000K, reserved 1105920K
  class space    used 8613K, committed 8832K, reserved 1048576K
}

Dll operation events (9 events):
Event: 0.037 Loaded shared library c:\Users\Zack\.vscode\extensions\redhat.java-1.17.0-win32-x64\jre\17.0.6-win32-x86_64\bin\java.dll
Event: 0.661 Loaded shared library C:\Users\Zack\.vscode\extensions\redhat.java-1.17.0-win32-x64\jre\17.0.6-win32-x86_64\bin\net.dll
Event: 0.667 Loaded shared library C:\Users\Zack\.vscode\extensions\redhat.java-1.17.0-win32-x64\jre\17.0.6-win32-x86_64\bin\nio.dll
Event: 0.691 Loaded shared library C:\Users\Zack\.vscode\extensions\redhat.java-1.17.0-win32-x64\jre\17.0.6-win32-x86_64\bin\zip.dll
Event: 1.315 Loaded shared library C:\Users\Zack\.vscode\extensions\redhat.java-1.17.0-win32-x64\jre\17.0.6-win32-x86_64\bin\jimage.dll
Event: 8.147 Loaded shared library C:\Users\Zack\.vscode\extensions\redhat.java-1.17.0-win32-x64\jre\17.0.6-win32-x86_64\bin\management.dll
Event: 8.160 Loaded shared library C:\Users\Zack\.vscode\extensions\redhat.java-1.17.0-win32-x64\jre\17.0.6-win32-x86_64\bin\management_ext.dll
Event: 27.197 Loaded shared library c:\Users\Zack\.vscode\extensions\redhat.java-1.17.0-win32-x64\jre\17.0.6-win32-x86_64\bin\verify.dll
Event: 33.436 Loaded shared library C:\Users\Zack\.vscode\extensions\redhat.java-1.17.0-win32-x64\jre\17.0.6-win32-x86_64\bin\sunmscapi.dll

Deoptimization events (20 events):
Event: 165736.505 Thread 0x0000021cff338ba0 DEOPT PACKING pc=0x0000021cf562f83b sp=0x000000d2f6afe500
Event: 165736.507 Thread 0x0000021cff338ba0 DEOPT UNPACKING pc=0x0000021cf4197143 sp=0x000000d2f6afd9d0 mode 3
Event: 165741.596 Thread 0x0000021cff33a880 DEOPT PACKING pc=0x0000021cf57a2218 sp=0x000000d2f5ffe8a0
Event: 165741.596 Thread 0x0000021cff33a880 DEOPT UNPACKING pc=0x0000021cf4197143 sp=0x000000d2f5ffdd98 mode 3
Event: 165746.038 Thread 0x0000021cff33a3b0 DEOPT PACKING pc=0x0000021cf560a46d sp=0x000000d2f40fd6a0
Event: 165746.040 Thread 0x0000021cff33a3b0 DEOPT UNPACKING pc=0x0000021cf4197143 sp=0x000000d2f40fcd28 mode 3
Event: 403530.860 Thread 0x0000021cff33ad50 DEOPT PACKING pc=0x0000021cf56e2cab sp=0x000000d2f42fdb30
Event: 403530.866 Thread 0x0000021cff33ad50 DEOPT UNPACKING pc=0x0000021cf4197143 sp=0x000000d2f42fd030 mode 3
Event: 405031.022 Thread 0x0000021cff33ca30 DEOPT PACKING pc=0x0000021cf5780c3d sp=0x000000d2f74fd5e0
Event: 405031.023 Thread 0x0000021cff33ca30 DEOPT UNPACKING pc=0x0000021cf4197143 sp=0x000000d2f74fcb48 mode 3
Event: 429301.313 Thread 0x0000021cff338ba0 DEOPT PACKING pc=0x0000021cf582fb1d sp=0x000000d2f42fc900
Event: 429301.317 Thread 0x0000021cff338ba0 DEOPT UNPACKING pc=0x0000021cf4197143 sp=0x000000d2f42fbe30 mode 3
Event: 429515.072 Thread 0x0000021cff33e240 DEOPT PACKING pc=0x0000021cf5ad5b0f sp=0x000000d2f40fd2a0
Event: 429515.074 Thread 0x0000021cff33e240 DEOPT UNPACKING pc=0x0000021cf4197143 sp=0x000000d2f40fc7a8 mode 3
Event: 698050.619 Thread 0x0000021cff33c090 DEOPT PACKING pc=0x0000021cf5068d26 sp=0x000000d2f42fd690
Event: 698050.621 Thread 0x0000021cff33c090 DEOPT UNPACKING pc=0x0000021cf4197143 sp=0x000000d2f42fcc18 mode 0
Event: 698771.047 Thread 0x0000021cff33a3b0 DEOPT PACKING pc=0x0000021cf593c4c4 sp=0x000000d2f42fe050
Event: 698771.049 Thread 0x0000021cff33a3b0 DEOPT UNPACKING pc=0x0000021cf4197143 sp=0x000000d2f42fd590 mode 3
Event: 713641.807 Thread 0x0000021cff33c090 DEOPT PACKING pc=0x0000021cf55309ea sp=0x000000d2f7ffdaa0
Event: 713641.809 Thread 0x0000021cff33c090 DEOPT UNPACKING pc=0x0000021cf4197143 sp=0x000000d2f7ffcfe8 mode 3

Classes unloaded (20 events):
Event: 703747.846 Thread 0x0000021cfc703e00 Unloading class 0x0000000100898400 'jdk/internal/reflect/GeneratedConstructorAccessor118'
Event: 703747.846 Thread 0x0000021cfc703e00 Unloading class 0x0000000100898000 'jdk/internal/reflect/GeneratedMethodAccessor125'
Event: 703747.846 Thread 0x0000021cfc703e00 Unloading class 0x0000000100895400 'jdk/internal/reflect/GeneratedConstructorAccessor117'
Event: 703747.846 Thread 0x0000021cfc703e00 Unloading class 0x0000000100895000 'jdk/internal/reflect/GeneratedMethodAccessor124'
Event: 703747.846 Thread 0x0000021cfc703e00 Unloading class 0x0000000100898c00 'jdk/internal/reflect/GeneratedMethodAccessor123'
Event: 703747.846 Thread 0x0000021cfc703e00 Unloading class 0x0000000100895c00 'jdk/internal/reflect/GeneratedMethodAccessor122'
Event: 713526.460 Thread 0x0000021cfc703e00 Unloading class 0x0000000100895000 'jdk/internal/reflect/GeneratedMethodAccessor131'
Event: 713526.461 Thread 0x0000021cfc703e00 Unloading class 0x0000000100898400 'jdk/internal/reflect/GeneratedConstructorAccessor120'
Event: 713526.461 Thread 0x0000021cfc703e00 Unloading class 0x0000000100898000 'jdk/internal/reflect/GeneratedMethodAccessor130'
Event: 713526.461 Thread 0x0000021cfc703e00 Unloading class 0x000000010089a400 'jdk/internal/reflect/GeneratedConstructorAccessor119'
Event: 713526.461 Thread 0x0000021cfc703e00 Unloading class 0x000000010089a000 'jdk/internal/reflect/GeneratedMethodAccessor129'
Event: 713526.461 Thread 0x0000021cfc703e00 Unloading class 0x0000000100895c00 'jdk/internal/reflect/GeneratedMethodAccessor128'
Event: 713526.461 Thread 0x0000021cfc703e00 Unloading class 0x0000000100898c00 'jdk/internal/reflect/GeneratedMethodAccessor127'
Event: 714135.437 Thread 0x0000021cfc703e00 Unloading class 0x000000010089a000 'jdk/internal/reflect/GeneratedMethodAccessor136'
Event: 714135.437 Thread 0x0000021cfc703e00 Unloading class 0x0000000100898400 'jdk/internal/reflect/GeneratedConstructorAccessor122'
Event: 714135.437 Thread 0x0000021cfc703e00 Unloading class 0x0000000100898000 'jdk/internal/reflect/GeneratedMethodAccessor135'
Event: 714135.437 Thread 0x0000021cfc703e00 Unloading class 0x0000000100895400 'jdk/internal/reflect/GeneratedConstructorAccessor121'
Event: 714135.437 Thread 0x0000021cfc703e00 Unloading class 0x0000000100895000 'jdk/internal/reflect/GeneratedMethodAccessor134'
Event: 714135.437 Thread 0x0000021cfc703e00 Unloading class 0x0000000100898c00 'jdk/internal/reflect/GeneratedMethodAccessor133'
Event: 714135.437 Thread 0x0000021cfc703e00 Unloading class 0x0000000100895c00 'jdk/internal/reflect/GeneratedMethodAccessor132'

Classes redefined (0 events):
No events

Internal exceptions (20 events):
Event: 405134.830 Thread 0x0000021cff3386d0 Exception <a 'sun/nio/fs/WindowsException'{0x00000000c5633248}> (0x00000000c5633248) 
thrown [s\src\hotspot\share\prims\jni.cpp, line 516]
Event: 405134.831 Thread 0x0000021cff3386d0 Exception <a 'sun/nio/fs/WindowsException'{0x00000000c5634980}> (0x00000000c5634980) 
thrown [s\src\hotspot\share\prims\jni.cpp, line 516]
Event: 405134.831 Thread 0x0000021cff3386d0 Exception <a 'sun/nio/fs/WindowsException'{0x00000000c5635548}> (0x00000000c5635548) 
thrown [s\src\hotspot\share\prims\jni.cpp, line 516]
Event: 405134.831 Thread 0x0000021cff3386d0 Exception <a 'sun/nio/fs/WindowsException'{0x00000000c56360f0}> (0x00000000c56360f0) 
thrown [s\src\hotspot\share\prims\jni.cpp, line 516]
Event: 405134.832 Thread 0x0000021cff3386d0 Exception <a 'sun/nio/fs/WindowsException'{0x00000000c5636db8}> (0x00000000c5636db8) 
thrown [s\src\hotspot\share\prims\jni.cpp, line 516]
Event: 405134.832 Thread 0x0000021cff3386d0 Exception <a 'sun/nio/fs/WindowsException'{0x00000000c5637ae8}> (0x00000000c5637ae8) 
thrown [s\src\hotspot\share\prims\jni.cpp, line 516]
Event: 429301.313 Thread 0x0000021cff338ba0 Implicit null exception at 0x0000021cf582f751 to 0x0000021cf582fb18
Event: 429515.072 Thread 0x0000021cff33e240 Implicit null exception at 0x0000021cf5ad587f to 0x0000021cf5ad5b0a
Event: 697167.720 Thread 0x0000021cff338ba0 Exception <a 'java/lang/ArrayIndexOutOfBoundsException'{0x00000000c55cf5b0}> (0x00000000c55cf5b0) 
thrown [s\src\hotspot\share\runtime\sharedRuntime.cpp, line 628]
Event: 698771.045 Thread 0x0000021cff33a3b0 Implicit null exception at 0x0000021cf593c332 to 0x0000021cf593c4bf
Event: 713422.079 Thread 0x0000021cff337860 Exception <a 'java/lang/ArrayIndexOutOfBoundsException'{0x00000000c5926798}> (0x00000000c5926798) 
thrown [s\src\hotspot\share\runtime\sharedRuntime.cpp, line 628]
Event: 713422.126 Thread 0x0000021cff614490 Exception <a 'java/lang/ArrayIndexOutOfBoundsException'{0x00000000c564da38}> (0x00000000c564da38) 
thrown [s\src\hotspot\share\runtime\sharedRuntime.cpp, line 628]
Event: 713429.014 Thread 0x0000021cff614490 Exception <a 'java/lang/ArrayIndexOutOfBoundsException'{0x00000000c47b9b08}> (0x00000000c47b9b08) 
thrown [s\src\hotspot\share\runtime\sharedRuntime.cpp, line 628]
Event: 713429.014 Thread 0x0000021cff337860 Exception <a 'java/lang/ArrayIndexOutOfBoundsException'{0x00000000c4616fd0}> (0x00000000c4616fd0) 
thrown [s\src\hotspot\share\runtime\sharedRuntime.cpp, line 628]
Event: 713641.807 Thread 0x0000021cff33c090 Implicit null exception at 0x0000021cf552fe90 to 0x0000021cf55309e5
Event: 713664.247 Thread 0x0000021cff3386d0 Exception <a 'sun/nio/fs/WindowsException'{0x00000000c5e17f18}> (0x00000000c5e17f18) 
thrown [s\src\hotspot\share\prims\jni.cpp, line 516]
Event: 713664.248 Thread 0x0000021cff3386d0 Exception <a 'sun/nio/fs/WindowsException'{0x00000000c5e18ae0}> (0x00000000c5e18ae0) 
thrown [s\src\hotspot\share\prims\jni.cpp, line 516]
Event: 713664.248 Thread 0x0000021cff3386d0 Exception <a 'sun/nio/fs/WindowsException'{0x00000000c5e19688}> (0x00000000c5e19688) 
thrown [s\src\hotspot\share\prims\jni.cpp, line 516]
Event: 713664.248 Thread 0x0000021cff3386d0 Exception <a 'sun/nio/fs/WindowsException'{0x00000000c5e1a350}> (0x00000000c5e1a350) 
thrown [s\src\hotspot\share\prims\jni.cpp, line 516]
Event: 713664.248 Thread 0x0000021cff3386d0 Exception <a 'sun/nio/fs/WindowsException'{0x00000000c5e1b080}> (0x00000000c5e1b080) 
thrown [s\src\hotspot\share\prims\jni.cpp, line 516]

VM Operations (20 events):
Event: 779135.129 Executing VM operation: G1CollectFull done
Event: 779145.533 Executing VM operation: G1CollectFull
Event: 779145.651 Executing VM operation: G1CollectFull done
Event: 779156.064 Executing VM operation: G1CollectFull
Event: 779156.178 Executing VM operation: G1CollectFull done
Event: 779166.616 Executing VM operation: G1CollectFull
Event: 779166.739 Executing VM operation: G1CollectFull done
Event: 779177.198 Executing VM operation: G1CollectFull
Event: 779177.357 Executing VM operation: G1CollectFull done
Event: 779187.933 Executing VM operation: G1CollectFull
Event: 779188.102 Executing VM operation: G1CollectFull done
Event: 779198.556 Executing VM operation: G1CollectFull
Event: 779198.683 Executing VM operation: G1CollectFull done
Event: 779209.125 Executing VM operation: G1CollectFull
Event: 779209.262 Executing VM operation: G1CollectFull done
Event: 779219.702 Executing VM operation: G1CollectFull
Event: 779219.825 Executing VM operation: G1CollectFull done
Event: 779230.466 Executing VM operation: G1CollectFull
Event: 779230.651 Executing VM operation: G1CollectFull done
Event: 779241.093 Executing VM operation: G1CollectFull

Events (20 events):
Event: 769717.870 Thread 0x0000021cff33ad50 Thread added: 0x0000021cff33ad50
Event: 769717.932 Thread 0x0000021cff337860 Thread added: 0x0000021cff337860
Event: 769778.494 Thread 0x0000021cff337860 Thread exited: 0x0000021cff337860
Event: 769778.509 Thread 0x0000021cff33ad50 Thread exited: 0x0000021cff33ad50
Event: 770045.083 Thread 0x0000021cff33e240 Thread added: 0x0000021cff33e240
Event: 770045.087 Thread 0x0000021cff338ba0 Thread added: 0x0000021cff338ba0
Event: 770045.902 Thread 0x0000021cff33a3b0 Thread added: 0x0000021cff33a3b0
Event: 770105.928 Thread 0x0000021cff33a3b0 Thread exited: 0x0000021cff33a3b0
Event: 770110.891 Thread 0x0000021cff33e240 Thread exited: 0x0000021cff33e240
Event: 770110.891 Thread 0x0000021cff338ba0 Thread exited: 0x0000021cff338ba0
Event: 770255.804 Thread 0x0000021cff33a3b0 Thread added: 0x0000021cff33a3b0
Event: 770255.896 Thread 0x0000021cff33e240 Thread added: 0x0000021cff33e240
Event: 770265.191 Thread 0x0000021cff33a880 Thread added: 0x0000021cff33a880
Event: 770268.073 Thread 0x0000021cff33e240 Thread exited: 0x0000021cff33e240
Event: 770280.975 Thread 0x0000021cff33e240 Thread added: 0x0000021cff33e240
Event: 770280.994 Thread 0x0000021cff33ad50 Thread added: 0x0000021cff33ad50
Event: 770341.006 Thread 0x0000021cff33ad50 Thread exited: 0x0000021cff33ad50
Event: 770341.006 Thread 0x0000021cff33e240 Thread exited: 0x0000021cff33e240
Event: 770362.264 Thread 0x0000021cff33a880 Thread exited: 0x0000021cff33a880
Event: 770362.264 Thread 0x0000021cff33a3b0 Thread exited: 0x0000021cff33a3b0


Dynamic libraries:
0x00007ff6dd6c0000 - 0x00007ff6dd6ce000 	c:\Users\Zack\.vscode\extensions\redhat.java-1.17.0-win32-x64\jre\17.0.6-win32-x86_64\bin\java.exe
0x00007ffb4b5b0000 - 0x00007ffb4b7a8000 	C:\WINDOWS\SYSTEM32\ntdll.dll
0x00007ffb4b4b0000 - 0x00007ffb4b56f000 	C:\WINDOWS\System32\KERNEL32.DLL
0x00007ffb49190000 - 0x00007ffb4946a000 	C:\WINDOWS\System32\KERNELBASE.dll
0x00007ffb48cf0000 - 0x00007ffb48df0000 	C:\WINDOWS\System32\ucrtbase.dll
0x00007ffb431f0000 - 0x00007ffb43209000 	c:\Users\Zack\.vscode\extensions\redhat.java-1.17.0-win32-x64\jre\17.0.6-win32-x86_64\bin\VCRUNTIME140.dll
0x00007ffb41f70000 - 0x00007ffb41f87000 	c:\Users\Zack\.vscode\extensions\redhat.java-1.17.0-win32-x64\jre\17.0.6-win32-x86_64\bin\jli.dll
0x00007ffb49610000 - 0x00007ffb497ad000 	C:\WINDOWS\System32\USER32.dll
0x00007ffb48cc0000 - 0x00007ffb48ce2000 	C:\WINDOWS\System32\win32u.dll
0x00007ffb49c70000 - 0x00007ffb49c9b000 	C:\WINDOWS\System32\GDI32.dll
0x00007ffb49500000 - 0x00007ffb49610000 	C:\WINDOWS\System32\gdi32full.dll
0x00007ffb48e40000 - 0x00007ffb48edd000 	C:\WINDOWS\System32\msvcp_win.dll
0x00007ffb28610000 - 0x00007ffb288aa000 	C:\WINDOWS\WinSxS\amd64_microsoft.windows.common-controls_6595b64144ccf1df_6.0.19041.1110_none_60b5254171f9507e\COMCTL32.dll
0x00007ffb498e0000 - 0x00007ffb4997e000 	C:\WINDOWS\System32\msvcrt.dll
0x00007ffb49ee0000 - 0x00007ffb49f10000 	C:\WINDOWS\System32\IMM32.DLL
0x00007ffb431d0000 - 0x00007ffb431dc000 	c:\Users\Zack\.vscode\extensions\redhat.java-1.17.0-win32-x64\jre\17.0.6-win32-x86_64\bin\vcruntime140_1.dll
0x00007ffb0e1a0000 - 0x00007ffb0e231000 	c:\Users\Zack\.vscode\extensions\redhat.java-1.17.0-win32-x64\jre\17.0.6-win32-x86_64\bin\msvcp140.dll
0x00007ffae78d0000 - 0x00007ffae8517000 	c:\Users\Zack\.vscode\extensions\redhat.java-1.17.0-win32-x64\jre\17.0.6-win32-x86_64\bin\server\jvm.dll
0x00007ffb4af00000 - 0x00007ffb4afae000 	C:\WINDOWS\System32\ADVAPI32.dll
0x00007ffb49f10000 - 0x00007ffb49fac000 	C:\WINDOWS\System32\sechost.dll
0x00007ffb497b0000 - 0x00007ffb498d6000 	C:\WINDOWS\System32\RPCRT4.dll
0x00007ffadaf60000 - 0x00007ffadaf69000 	C:\WINDOWS\SYSTEM32\WSOCK32.dll
0x00007ffb49ca0000 - 0x00007ffb49d0b000 	C:\WINDOWS\System32\WS2_32.dll
0x00007ffb2b920000 - 0x00007ffb2b947000 	C:\WINDOWS\SYSTEM32\WINMM.dll
0x00007ffb45ec0000 - 0x00007ffb45eca000 	C:\WINDOWS\SYSTEM32\VERSION.dll
0x00007ffb47510000 - 0x00007ffb47522000 	C:\WINDOWS\SYSTEM32\kernel.appcore.dll
0x00007ffb41840000 - 0x00007ffb4184a000 	c:\Users\Zack\.vscode\extensions\redhat.java-1.17.0-win32-x64\jre\17.0.6-win32-x86_64\bin\jimage.dll
0x00007ffb47230000 - 0x00007ffb47414000 	C:\WINDOWS\SYSTEM32\DBGHELP.DLL
0x00007ffb40020000 - 0x00007ffb40054000 	C:\WINDOWS\SYSTEM32\dbgcore.DLL
0x00007ffb49470000 - 0x00007ffb494f2000 	C:\WINDOWS\System32\bcryptPrimitives.dll
0x00007ffb2c8a0000 - 0x00007ffb2c8c5000 	c:\Users\Zack\.vscode\extensions\redhat.java-1.17.0-win32-x64\jre\17.0.6-win32-x86_64\bin\java.dll
0x00007ffb417d0000 - 0x00007ffb417e8000 	c:\Users\Zack\.vscode\extensions\redhat.java-1.17.0-win32-x64\jre\17.0.6-win32-x86_64\bin\zip.dll
0x00007ffb4a160000 - 0x00007ffb4a8a4000 	C:\WINDOWS\System32\SHELL32.dll
0x00007ffb469d0000 - 0x00007ffb47163000 	C:\WINDOWS\SYSTEM32\windows.storage.dll
0x00007ffb4afb0000 - 0x00007ffb4b304000 	C:\WINDOWS\System32\combase.dll
0x00007ffb48720000 - 0x00007ffb4874e000 	C:\WINDOWS\SYSTEM32\Wldp.dll
0x00007ffb4a8b0000 - 0x00007ffb4a95d000 	C:\WINDOWS\System32\SHCORE.dll
0x00007ffb4b3c0000 - 0x00007ffb4b415000 	C:\WINDOWS\System32\shlwapi.dll
0x00007ffb48c00000 - 0x00007ffb48c1f000 	C:\WINDOWS\SYSTEM32\profapi.dll
0x00007ffb3f0b0000 - 0x00007ffb3f0c9000 	C:\Users\Zack\.vscode\extensions\redhat.java-1.17.0-win32-x64\jre\17.0.6-win32-x86_64\bin\net.dll
0x00007ffb435c0000 - 0x00007ffb436ca000 	C:\WINDOWS\SYSTEM32\WINHTTP.dll
0x00007ffb48480000 - 0x00007ffb484ea000 	C:\WINDOWS\system32\mswsock.dll
0x00007ffb3bc20000 - 0x00007ffb3bc35000 	C:\Users\Zack\.vscode\extensions\redhat.java-1.17.0-win32-x64\jre\17.0.6-win32-x86_64\bin\nio.dll
0x00007ffb48670000 - 0x00007ffb48688000 	C:\WINDOWS\SYSTEM32\CRYPTSP.dll
0x00007ffb47d30000 - 0x00007ffb47d64000 	C:\WINDOWS\system32\rsaenh.dll
0x00007ffb490b0000 - 0x00007ffb490d7000 	C:\WINDOWS\System32\bcrypt.dll
0x00007ffb48bc0000 - 0x00007ffb48bee000 	C:\WINDOWS\SYSTEM32\USERENV.dll
0x00007ffb48690000 - 0x00007ffb4869c000 	C:\WINDOWS\SYSTEM32\CRYPTBASE.dll
0x00007ffb48120000 - 0x00007ffb4815c000 	C:\WINDOWS\SYSTEM32\IPHLPAPI.DLL
0x00007ffb49d10000 - 0x00007ffb49d18000 	C:\WINDOWS\System32\NSI.dll
0x00007ffb40f40000 - 0x00007ffb40f57000 	C:\WINDOWS\SYSTEM32\dhcpcsvc6.DLL
0x00007ffb411f0000 - 0x00007ffb4120d000 	C:\WINDOWS\SYSTEM32\dhcpcsvc.DLL
0x00007ffb48160000 - 0x00007ffb4822b000 	C:\WINDOWS\SYSTEM32\DNSAPI.dll
0x00007ffb3bcd0000 - 0x00007ffb3bcd9000 	C:\Users\Zack\.vscode\extensions\redhat.java-1.17.0-win32-x64\jre\17.0.6-win32-x86_64\bin\management.dll
0x00007ffb3bb50000 - 0x00007ffb3bb5b000 	C:\Users\Zack\.vscode\extensions\redhat.java-1.17.0-win32-x64\jre\17.0.6-win32-x86_64\bin\management_ext.dll
0x00007ffb4b480000 - 0x00007ffb4b488000 	C:\WINDOWS\System32\PSAPI.DLL
0x00007ffb3cff0000 - 0x00007ffb3d000000 	c:\Users\Zack\.vscode\extensions\redhat.java-1.17.0-win32-x64\jre\17.0.6-win32-x86_64\bin\verify.dll
0x00007ffb321e0000 - 0x00007ffb321ee000 	C:\Users\Zack\.vscode\extensions\redhat.java-1.17.0-win32-x64\jre\17.0.6-win32-x86_64\bin\sunmscapi.dll
0x00007ffb48f50000 - 0x00007ffb490a6000 	C:\WINDOWS\System32\CRYPT32.dll
0x00007ffb48790000 - 0x00007ffb487b8000 	C:\WINDOWS\SYSTEM32\ncrypt.dll
0x00007ffb48750000 - 0x00007ffb4878b000 	C:\WINDOWS\SYSTEM32\NTASN1.dll
0x00007ffb40920000 - 0x00007ffb4092a000 	C:\Windows\System32\rasadhlp.dll
0x00007ffb40260000 - 0x00007ffb402e0000 	C:\WINDOWS\System32\fwpuclnt.dll

dbghelp: loaded successfully - version: 4.0.5 - missing functions: none
symbol engine: initialized successfully - sym options: 0x614 - pdb path: .;c:\Users\Zack\.vscode\extensions\redhat.java-1.17.0-win32-x64\jre\17.0.6-win32-x86_64\bin;C:\WINDOWS\SYSTEM32;C:\WINDOWS\WinSxS\amd64_microsoft.windows.common-controls_6595b64144ccf1df_6.0.19041.1110_none_60b5254171f9507e;c:\Users\Zack\.vscode\extensions\redhat.java-1.17.0-win32-x64\jre\17.0.6-win32-x86_64\bin\server

VM Arguments:
jvm_args: -XX:+HeapDumpOnOutOfMemoryError -Xmx1024m -Dsts.lsp.client=vscode -Dsts.log.file=/dev/null -XX:TieredStopAtLevel=1 -Xlog:jni+resolve=off -Dspring.config.location=file:c:\Users\Zack\.vscode\extensions\vmware.vscode-spring-boot-1.45.0\language-server\BOOT-INF\classes\application.properties 
java_command: org.springframework.ide.vscode.boot.app.BootLanguageServerBootApp
java_class_path (initial): c:\Users\Zack\.vscode\extensions\vmware.vscode-spring-boot-1.45.0\language-server\BOOT-INF\classes;c:\Users\Zack\.vscode\extensions\vmware.vscode-spring-boot-1.45.0\language-server\BOOT-INF\lib\annotations-24.0.1.jar;c:\Users\Zack\.vscode\extensions\vmware.vscode-spring-boot-1.45.0\language-server\BOOT-INF\lib\ant-1.10.13.jar;c:\Users\Zack\.vscode\extensions\vmware.vscode-spring-boot-1.45.0\language-server\BOOT-INF\lib\ant-launcher-1.10.13.jar;c:\Users\Zack\.vscode\extensions\vmware.vscode-spring-boot-1.45.0\language-server\BOOT-INF\lib\antlr-runtime-3.5.3.jar;c:\Users\Zack\.vscode\extensions\vmware.vscode-spring-boot-1.45.0\language-server\BOOT-INF\lib\antlr4-4.11.1.jar;c:\Users\Zack\.vscode\extensions\vmware.vscode-spring-boot-1.45.0\language-server\BOOT-INF\lib\antlr4-runtime-4.11.1.jar;c:\Users\Zack\.vscode\extensions\vmware.vscode-spring-boot-1.45.0\language-server\BOOT-INF\lib\asm-9.4.jar;c:\Users\Zack\.vscode\extensions\vmware.vscode-spring-boot-1.45.0\language-server\BOOT-INF\lib\asm-analysis-9.4.jar;c:\Users\Zack\.vscode\extensions\vmware.vscode-spring-boot-1.45.0\language-server\BOOT-INF\lib\asm-tree-9.4.jar;c:\Users\Zack\.vscode\extensions\vmware.vscode-spring-boot-1.45.0\language-server\BOOT-INF\lib\asm-util-9.4.jar;c:\Users\Zack\.vscode\extensions\vmware.vscode-spring-boot-1.45.0\language-server\BOOT-INF\lib\caffeine-3.1.2.jar;c:\Users\Zack\.vscode\extensions\vmware.vscode-spring-boot-1.45.0\language-server\BOOT-INF\lib\checker-qual-3.12.0.jar;c:\Users\Zack\.vscode\extensions\vmware.vscode-spring-boot-1.45.0\language-server\BOOT-INF\lib\classgraph-4.8.149.jar;c:\Users\Zack\.vscode\extensions\vmware.vscode-spring-boot-1.45.0\language-server\BOOT-INF\lib\commons-codec-1.15.jar;c:\Users\Zack\.vscode\extensions\vmware.vscode-spring-boot-1.45.0\language-server\BOOT-INF\lib\commons-compress-1.22.jar;c:\Users\Zack\.vscode\extensions\vmware.vscode-spring-boot-1.45.0\language-server\BOOT-INF\lib\commons-io-2.4.jar;c:\Users\Zack\.vsco
Launcher Type: SUN_STANDARD

[Global flags]
     intx CICompilerCount                          = 4                                         {product} {ergonomic}
     uint ConcGCThreads                            = 3                                         {product} {ergonomic}
     uint G1ConcRefinementThreads                  = 10                                        {product} {ergonomic}
   size_t G1HeapRegionSize                         = 1048576                                   {product} {ergonomic}
    uintx GCDrainStackTargetSize                   = 64                                        {product} {ergonomic}
     bool HeapDumpOnOutOfMemoryError               = true                                   {manageable} {command line}
   size_t InitialHeapSize                          = 132120576                                 {product} {ergonomic}
   size_t MarkStackSize                            = 4194304                                   {product} {ergonomic}
   size_t MaxHeapSize                              = 1073741824                                {product} {command line}
   size_t MaxNewSize                               = 643825664                                 {product} {ergonomic}
   size_t MinHeapDeltaBytes                        = 1048576                                   {product} {ergonomic}
   size_t MinHeapSize                              = 8388608                                   {product} {ergonomic}
    uintx NonProfiledCodeHeapSize                  = 0                                      {pd product} {ergonomic}
     bool ProfileInterpreter                       = false                                  {pd product} {command line}
    uintx ProfiledCodeHeapSize                     = 0                                      {pd product} {ergonomic}
   size_t SoftMaxHeapSize                          = 1073741824                             {manageable} {ergonomic}
     intx TieredStopAtLevel                        = 1                                         {product} {command line}
     bool UseCompressedClassPointers               = true                           {product lp64_product} {ergonomic}
     bool UseCompressedOops                        = true                           {product lp64_product} {ergonomic}
     bool UseG1GC                                  = true                                      {product} {ergonomic}
     bool UseLargePagesIndividualAllocation        = false                                  {pd product} {ergonomic}

Logging:
Log output configuration:
 #0: stdout all=warning,jni+resolve=off uptime,level,tags
 #1: stderr all=off uptime,level,tags

Environment Variables:
PATH=C:\Program Files\Common Files\Oracle\Java\javapath;C:\Program Files (x86)\Common Files\Oracle\Java\javapath;C:\Windows\system32;C:\Windows;C:\Windows\System32\Wbem;C:\Windows\System32\WindowsPowerShell\v1.0\;C:\Windows\System32\OpenSSH\;C:\Program Files (x86)\NVIDIA Corporation\PhysX\Common;C:\Program Files\NVIDIA Corporation\NVIDIA NvDLISR;C:\WINDOWS\system32;C:\WINDOWS;C:\WINDOWS\System32\Wbem;C:\WINDOWS\System32\WindowsPowerShell\v1.0\;C:\WINDOWS\System32\OpenSSH\;C:\Program Files\PuTTY\;C:\Program Files\MATLAB\R2021a\bin;C:\Program Files\dotnet\;C:\Program Files\Git\cmd;C:\Program Files\MySQL\MySQL Server 8.0\bin;C:\Program Files\MySQL\MySQL Shell 8.0\bin\;C:\Program Files (x86)\apache-maven-3.8.8-bin\bin;C:\Users\Zack\AppData\Local\Microsoft\WindowsApps;C:\Users\Zack\AppData\Local\Programs\Microsoft VS Code\bin;C:\Users\Zack\AppData\Local\GitHubDesktop\bin;
USERNAME=Zack
OS=Windows_NT
PROCESSOR_IDENTIFIER=Intel64 Family 6 Model 158 Stepping 10, GenuineIntel
TMP=C:\Users\Zack\AppData\Local\Temp
TEMP=C:\Users\Zack\AppData\Local\Temp



---------------  S Y S T E M  ---------------

OS:
 Windows 10 , 64 bit Build 19041 (10.0.19041.2788)
OS uptime: 15 days 20:54 hours

CPU: total 12 (initial active 12) (6 cores per cpu, 2 threads per core) family 6 model 158 stepping 10 microcode 0xde, cx8, cmov, fxsr, ht, mmx, 3dnowpref, sse, sse2, sse3, ssse3, sse4.1, sse4.2, popcnt, lzcnt, tsc, tscinvbit, avx, avx2, aes, erms, clmul, bmi1, bmi2, adx, fma, vzeroupper, clflush, clflushopt

Memory: 4k page, system-wide physical 8009M (744M free)
TotalPageFile size 32585M (AvailPageFile size 84M)
current process WorkingSet (physical memory assigned to process): 94M, peak: 566M
current process commit charge ("private bytes"): 327M, peak: 691M

vm_info: OpenJDK 64-Bit Server VM (17.0.6+10) for windows-amd64 JRE (17.0.6+10), built on Jan 18 2023 10:08:59 by "temurin" with MS VC++ 16.7 (VS2019)

END.
